C:\Program Files (x86)\Microsoft Visual Studio\2019\Community\MSBuild\Microsoft\VC\v160\Microsoft.CppBuild.targets(519,5): warning MSB8028: The intermediate directory (Debug\) contains files shared from another project (LinkedListAPP.vcxproj).  This can lead to incorrect clean and rebuild behavior.
  CircularLinkedList.cpp
C:\Users\Hasan\Desktop\Son Kısım\LinkedListAPPC++\LinkedListAPP\Header.h(52,12): warning C4099: 'Node': type name first seen using 'class' now seen using 'struct'
C:\Users\Hasan\Desktop\Son Kısım\LinkedListAPPC++\LinkedListAPP\Header.h(18): message : see declaration of 'Node'
C:\Users\Hasan\Desktop\Son Kısım\LinkedListAPPC++\LinkedListAPP\Header.h(52,45): warning C4099: 'Node': type name first seen using 'class' now seen using 'struct'
C:\Users\Hasan\Desktop\Son Kısım\LinkedListAPPC++\LinkedListAPP\Header.h(52): message : see declaration of 'Node'
C:\Users\Hasan\Desktop\Son Kısım\LinkedListAPPC++\LinkedListAPP\Header.h(53,12): warning C4099: 'Node': type name first seen using 'class' now seen using 'struct'
C:\Users\Hasan\Desktop\Son Kısım\LinkedListAPPC++\LinkedListAPP\Header.h(52): message : see declaration of 'Node'
C:\Users\Hasan\Desktop\Son Kısım\LinkedListAPPC++\LinkedListAPP\Header.h(53,43): warning C4099: 'Node': type name first seen using 'class' now seen using 'struct'
C:\Users\Hasan\Desktop\Son Kısım\LinkedListAPPC++\LinkedListAPP\Header.h(53): message : see declaration of 'Node'
C:\Users\Hasan\Desktop\Son Kısım\LinkedListAPPC++\LinkedListAPP\Header.h(54,12): warning C4099: 'Node': type name first seen using 'class' now seen using 'struct'
C:\Users\Hasan\Desktop\Son Kısım\LinkedListAPPC++\LinkedListAPP\Header.h(53): message : see declaration of 'Node'
C:\Users\Hasan\Desktop\Son Kısım\LinkedListAPPC++\LinkedListAPP\Header.h(54,45): warning C4099: 'Node': type name first seen using 'class' now seen using 'struct'
C:\Users\Hasan\Desktop\Son Kısım\LinkedListAPPC++\LinkedListAPP\Header.h(54): message : see declaration of 'Node'
C:\Users\Hasan\Desktop\Son Kısım\LinkedListAPPC++\LinkedListAPP\Header.h(93,27): warning C4099: 'Node': type name first seen using 'class' now seen using 'struct'
C:\Users\Hasan\Desktop\Son Kısım\LinkedListAPPC++\LinkedListAPP\Header.h(54): message : see declaration of 'Node'
C:\Users\Hasan\Desktop\Son Kısım\LinkedListAPPC++\LinkedListAPP\Header.h(95,25): warning C4099: 'Node': type name first seen using 'class' now seen using 'struct'
C:\Users\Hasan\Desktop\Son Kısım\LinkedListAPPC++\LinkedListAPP\Header.h(54): message : see declaration of 'Node'
C:\Users\Hasan\Desktop\Son Kısım\LinkedListAPPC++\LinkedListAPP\CircularLinkedList.cpp(3,12): warning C4099: 'Node': type name first seen using 'class' now seen using 'struct'
C:\Users\Hasan\Desktop\Son Kısım\LinkedListAPPC++\LinkedListAPP\Header.h(54): message : see declaration of 'Node'
C:\Users\Hasan\Desktop\Son Kısım\LinkedListAPPC++\LinkedListAPP\CircularLinkedList.cpp(3,45): warning C4099: 'Node': type name first seen using 'class' now seen using 'struct'
C:\Users\Hasan\Desktop\Son Kısım\LinkedListAPPC++\LinkedListAPP\CircularLinkedList.cpp(3): message : see declaration of 'Node'
C:\Users\Hasan\Desktop\Son Kısım\LinkedListAPPC++\LinkedListAPP\CircularLinkedList.cpp(5,16): warning C4099: 'Node': type name first seen using 'class' now seen using 'struct'
C:\Users\Hasan\Desktop\Son Kısım\LinkedListAPPC++\LinkedListAPP\CircularLinkedList.cpp(3): message : see declaration of 'Node'
C:\Users\Hasan\Desktop\Son Kısım\LinkedListAPPC++\LinkedListAPP\CircularLinkedList.cpp(5,37): warning C4099: 'Node': type name first seen using 'class' now seen using 'struct'
C:\Users\Hasan\Desktop\Son Kısım\LinkedListAPPC++\LinkedListAPP\CircularLinkedList.cpp(3): message : see declaration of 'Node'
C:\Users\Hasan\Desktop\Son Kısım\LinkedListAPPC++\LinkedListAPP\CircularLinkedList.cpp(5,64): warning C4099: 'Node': type name first seen using 'class' now seen using 'struct'
C:\Users\Hasan\Desktop\Son Kısım\LinkedListAPPC++\LinkedListAPP\CircularLinkedList.cpp(3): message : see declaration of 'Node'
C:\Users\Hasan\Desktop\Son Kısım\LinkedListAPPC++\LinkedListAPP\CircularLinkedList.cpp(13,12): warning C4099: 'Node': type name first seen using 'class' now seen using 'struct'
C:\Users\Hasan\Desktop\Son Kısım\LinkedListAPPC++\LinkedListAPP\CircularLinkedList.cpp(3): message : see declaration of 'Node'
C:\Users\Hasan\Desktop\Son Kısım\LinkedListAPPC++\LinkedListAPP\CircularLinkedList.cpp(13,43): warning C4099: 'Node': type name first seen using 'class' now seen using 'struct'
C:\Users\Hasan\Desktop\Son Kısım\LinkedListAPPC++\LinkedListAPP\CircularLinkedList.cpp(13): message : see declaration of 'Node'
C:\Users\Hasan\Desktop\Son Kısım\LinkedListAPPC++\LinkedListAPP\CircularLinkedList.cpp(15,16): warning C4099: 'Node': type name first seen using 'class' now seen using 'struct'
C:\Users\Hasan\Desktop\Son Kısım\LinkedListAPPC++\LinkedListAPP\CircularLinkedList.cpp(13): message : see declaration of 'Node'
C:\Users\Hasan\Desktop\Son Kısım\LinkedListAPPC++\LinkedListAPP\CircularLinkedList.cpp(16,21): warning C4099: 'Node': type name first seen using 'class' now seen using 'struct'
C:\Users\Hasan\Desktop\Son Kısım\LinkedListAPPC++\LinkedListAPP\CircularLinkedList.cpp(13): message : see declaration of 'Node'
C:\Users\Hasan\Desktop\Son Kısım\LinkedListAPPC++\LinkedListAPP\CircularLinkedList.cpp(16,48): warning C4099: 'Node': type name first seen using 'class' now seen using 'struct'
C:\Users\Hasan\Desktop\Son Kısım\LinkedListAPPC++\LinkedListAPP\CircularLinkedList.cpp(13): message : see declaration of 'Node'
C:\Users\Hasan\Desktop\Son Kısım\LinkedListAPPC++\LinkedListAPP\CircularLinkedList.cpp(25,12): warning C4099: 'Node': type name first seen using 'class' now seen using 'struct'
C:\Users\Hasan\Desktop\Son Kısım\LinkedListAPPC++\LinkedListAPP\CircularLinkedList.cpp(13): message : see declaration of 'Node'
C:\Users\Hasan\Desktop\Son Kısım\LinkedListAPPC++\LinkedListAPP\CircularLinkedList.cpp(25,45): warning C4099: 'Node': type name first seen using 'class' now seen using 'struct'
C:\Users\Hasan\Desktop\Son Kısım\LinkedListAPPC++\LinkedListAPP\CircularLinkedList.cpp(25): message : see declaration of 'Node'
C:\Users\Hasan\Desktop\Son Kısım\LinkedListAPPC++\LinkedListAPP\CircularLinkedList.cpp(30,16): warning C4099: 'Node': type name first seen using 'class' now seen using 'struct'
C:\Users\Hasan\Desktop\Son Kısım\LinkedListAPPC++\LinkedListAPP\CircularLinkedList.cpp(25): message : see declaration of 'Node'
C:\Users\Hasan\Desktop\Son Kısım\LinkedListAPPC++\LinkedListAPP\CircularLinkedList.cpp(36,32): warning C4099: 'Node': type name first seen using 'class' now seen using 'struct'
C:\Users\Hasan\Desktop\Son Kısım\LinkedListAPPC++\LinkedListAPP\CircularLinkedList.cpp(25): message : see declaration of 'Node'
C:\Users\Hasan\Desktop\Son Kısım\LinkedListAPPC++\LinkedListAPP\CircularLinkedList.cpp(36,59): warning C4099: 'Node': type name first seen using 'class' now seen using 'struct'
C:\Users\Hasan\Desktop\Son Kısım\LinkedListAPPC++\LinkedListAPP\CircularLinkedList.cpp(25): message : see declaration of 'Node'
C:\Users\Hasan\Desktop\Son Kısım\LinkedListAPPC++\LinkedListAPP\CircularLinkedList.cpp(163,35): warning C4099: 'Node': type name first seen using 'class' now seen using 'struct'
C:\Users\Hasan\Desktop\Son Kısım\LinkedListAPPC++\LinkedListAPP\CircularLinkedList.cpp(25): message : see declaration of 'Node'
C:\Users\Hasan\Desktop\Son Kısım\LinkedListAPPC++\LinkedListAPP\CircularLinkedList.cpp(164,16): warning C4099: 'Node': type name first seen using 'class' now seen using 'struct'
C:\Users\Hasan\Desktop\Son Kısım\LinkedListAPPC++\LinkedListAPP\CircularLinkedList.cpp(25): message : see declaration of 'Node'
C:\Users\Hasan\Desktop\Son Kısım\LinkedListAPPC++\LinkedListAPP\CircularLinkedList.cpp(177,16): warning C4099: 'Node': type name first seen using 'class' now seen using 'struct'
C:\Users\Hasan\Desktop\Son Kısım\LinkedListAPPC++\LinkedListAPP\CircularLinkedList.cpp(25): message : see declaration of 'Node'
  DoubleLinkedListcpp.cpp
C:\Users\Hasan\Desktop\Son Kısım\LinkedListAPPC++\LinkedListAPP\Header.h(52,12): warning C4099: 'Node': type name first seen using 'class' now seen using 'struct'
C:\Users\Hasan\Desktop\Son Kısım\LinkedListAPPC++\LinkedListAPP\Header.h(18): message : see declaration of 'Node'
C:\Users\Hasan\Desktop\Son Kısım\LinkedListAPPC++\LinkedListAPP\Header.h(52,45): warning C4099: 'Node': type name first seen using 'class' now seen using 'struct'
C:\Users\Hasan\Desktop\Son Kısım\LinkedListAPPC++\LinkedListAPP\Header.h(52): message : see declaration of 'Node'
C:\Users\Hasan\Desktop\Son Kısım\LinkedListAPPC++\LinkedListAPP\Header.h(53,12): warning C4099: 'Node': type name first seen using 'class' now seen using 'struct'
C:\Users\Hasan\Desktop\Son Kısım\LinkedListAPPC++\LinkedListAPP\Header.h(52): message : see declaration of 'Node'
C:\Users\Hasan\Desktop\Son Kısım\LinkedListAPPC++\LinkedListAPP\Header.h(53,43): warning C4099: 'Node': type name first seen using 'class' now seen using 'struct'
C:\Users\Hasan\Desktop\Son Kısım\LinkedListAPPC++\LinkedListAPP\Header.h(53): message : see declaration of 'Node'
C:\Users\Hasan\Desktop\Son Kısım\LinkedListAPPC++\LinkedListAPP\Header.h(54,12): warning C4099: 'Node': type name first seen using 'class' now seen using 'struct'
C:\Users\Hasan\Desktop\Son Kısım\LinkedListAPPC++\LinkedListAPP\Header.h(53): message : see declaration of 'Node'
C:\Users\Hasan\Desktop\Son Kısım\LinkedListAPPC++\LinkedListAPP\Header.h(54,45): warning C4099: 'Node': type name first seen using 'class' now seen using 'struct'
C:\Users\Hasan\Desktop\Son Kısım\LinkedListAPPC++\LinkedListAPP\Header.h(54): message : see declaration of 'Node'
C:\Users\Hasan\Desktop\Son Kısım\LinkedListAPPC++\LinkedListAPP\Header.h(93,27): warning C4099: 'Node': type name first seen using 'class' now seen using 'struct'
C:\Users\Hasan\Desktop\Son Kısım\LinkedListAPPC++\LinkedListAPP\Header.h(54): message : see declaration of 'Node'
C:\Users\Hasan\Desktop\Son Kısım\LinkedListAPPC++\LinkedListAPP\Header.h(95,25): warning C4099: 'Node': type name first seen using 'class' now seen using 'struct'
C:\Users\Hasan\Desktop\Son Kısım\LinkedListAPPC++\LinkedListAPP\Header.h(54): message : see declaration of 'Node'
C:\Users\Hasan\Desktop\Son Kısım\LinkedListAPPC++\LinkedListAPP\DoubleLinkedListcpp.cpp(45,13): warning C4099: 'Node': type name first seen using 'class' now seen using 'struct'
C:\Users\Hasan\Desktop\Son Kısım\LinkedListAPPC++\LinkedListAPP\Header.h(54): message : see declaration of 'Node'
C:\Users\Hasan\Desktop\Son Kısım\LinkedListAPPC++\LinkedListAPP\DoubleLinkedListcpp.cpp(85,31): warning C4099: 'Node': type name first seen using 'class' now seen using 'struct'
C:\Users\Hasan\Desktop\Son Kısım\LinkedListAPPC++\LinkedListAPP\Header.h(54): message : see declaration of 'Node'
C:\Users\Hasan\Desktop\Son Kısım\LinkedListAPPC++\LinkedListAPP\DoubleLinkedListcpp.cpp(102,28): warning C4099: 'Node': type name first seen using 'class' now seen using 'struct'
C:\Users\Hasan\Desktop\Son Kısım\LinkedListAPPC++\LinkedListAPP\Header.h(54): message : see declaration of 'Node'
C:\Users\Hasan\Desktop\Son Kısım\LinkedListAPPC++\LinkedListAPP\DoubleLinkedListcpp.cpp(103,13): warning C4099: 'Node': type name first seen using 'class' now seen using 'struct'
C:\Users\Hasan\Desktop\Son Kısım\LinkedListAPPC++\LinkedListAPP\Header.h(54): message : see declaration of 'Node'
C:\Users\Hasan\Desktop\Son Kısım\LinkedListAPPC++\LinkedListAPP\DoubleLinkedListcpp.cpp(170,13): warning C4099: 'Node': type name first seen using 'class' now seen using 'struct'
C:\Users\Hasan\Desktop\Son Kısım\LinkedListAPPC++\LinkedListAPP\Header.h(54): message : see declaration of 'Node'
  SingleLinkedList.cpp
C:\Users\Hasan\Desktop\Son Kısım\LinkedListAPPC++\LinkedListAPP\Header.h(52,12): warning C4099: 'Node': type name first seen using 'class' now seen using 'struct'
C:\Users\Hasan\Desktop\Son Kısım\LinkedListAPPC++\LinkedListAPP\Header.h(18): message : see declaration of 'Node'
C:\Users\Hasan\Desktop\Son Kısım\LinkedListAPPC++\LinkedListAPP\Header.h(52,45): warning C4099: 'Node': type name first seen using 'class' now seen using 'struct'
C:\Users\Hasan\Desktop\Son Kısım\LinkedListAPPC++\LinkedListAPP\Header.h(52): message : see declaration of 'Node'
C:\Users\Hasan\Desktop\Son Kısım\LinkedListAPPC++\LinkedListAPP\Header.h(53,12): warning C4099: 'Node': type name first seen using 'class' now seen using 'struct'
C:\Users\Hasan\Desktop\Son Kısım\LinkedListAPPC++\LinkedListAPP\Header.h(52): message : see declaration of 'Node'
C:\Users\Hasan\Desktop\Son Kısım\LinkedListAPPC++\LinkedListAPP\Header.h(53,43): warning C4099: 'Node': type name first seen using 'class' now seen using 'struct'
C:\Users\Hasan\Desktop\Son Kısım\LinkedListAPPC++\LinkedListAPP\Header.h(53): message : see declaration of 'Node'
C:\Users\Hasan\Desktop\Son Kısım\LinkedListAPPC++\LinkedListAPP\Header.h(54,12): warning C4099: 'Node': type name first seen using 'class' now seen using 'struct'
C:\Users\Hasan\Desktop\Son Kısım\LinkedListAPPC++\LinkedListAPP\Header.h(53): message : see declaration of 'Node'
C:\Users\Hasan\Desktop\Son Kısım\LinkedListAPPC++\LinkedListAPP\Header.h(54,45): warning C4099: 'Node': type name first seen using 'class' now seen using 'struct'
C:\Users\Hasan\Desktop\Son Kısım\LinkedListAPPC++\LinkedListAPP\Header.h(54): message : see declaration of 'Node'
C:\Users\Hasan\Desktop\Son Kısım\LinkedListAPPC++\LinkedListAPP\Header.h(93,27): warning C4099: 'Node': type name first seen using 'class' now seen using 'struct'
C:\Users\Hasan\Desktop\Son Kısım\LinkedListAPPC++\LinkedListAPP\Header.h(54): message : see declaration of 'Node'
C:\Users\Hasan\Desktop\Son Kısım\LinkedListAPPC++\LinkedListAPP\Header.h(95,25): warning C4099: 'Node': type name first seen using 'class' now seen using 'struct'
C:\Users\Hasan\Desktop\Son Kısım\LinkedListAPPC++\LinkedListAPP\Header.h(54): message : see declaration of 'Node'
  SkipLinkedList.cpp
C:\Users\Hasan\Desktop\Son Kısım\LinkedListAPPC++\LinkedListAPP\Header.h(52,12): warning C4099: 'Node': type name first seen using 'class' now seen using 'struct'
C:\Users\Hasan\Desktop\Son Kısım\LinkedListAPPC++\LinkedListAPP\Header.h(18): message : see declaration of 'Node'
C:\Users\Hasan\Desktop\Son Kısım\LinkedListAPPC++\LinkedListAPP\Header.h(52,45): warning C4099: 'Node': type name first seen using 'class' now seen using 'struct'
C:\Users\Hasan\Desktop\Son Kısım\LinkedListAPPC++\LinkedListAPP\Header.h(52): message : see declaration of 'Node'
C:\Users\Hasan\Desktop\Son Kısım\LinkedListAPPC++\LinkedListAPP\Header.h(53,12): warning C4099: 'Node': type name first seen using 'class' now seen using 'struct'
C:\Users\Hasan\Desktop\Son Kısım\LinkedListAPPC++\LinkedListAPP\Header.h(52): message : see declaration of 'Node'
C:\Users\Hasan\Desktop\Son Kısım\LinkedListAPPC++\LinkedListAPP\Header.h(53,43): warning C4099: 'Node': type name first seen using 'class' now seen using 'struct'
C:\Users\Hasan\Desktop\Son Kısım\LinkedListAPPC++\LinkedListAPP\Header.h(53): message : see declaration of 'Node'
C:\Users\Hasan\Desktop\Son Kısım\LinkedListAPPC++\LinkedListAPP\Header.h(54,12): warning C4099: 'Node': type name first seen using 'class' now seen using 'struct'
C:\Users\Hasan\Desktop\Son Kısım\LinkedListAPPC++\LinkedListAPP\Header.h(53): message : see declaration of 'Node'
C:\Users\Hasan\Desktop\Son Kısım\LinkedListAPPC++\LinkedListAPP\Header.h(54,45): warning C4099: 'Node': type name first seen using 'class' now seen using 'struct'
C:\Users\Hasan\Desktop\Son Kısım\LinkedListAPPC++\LinkedListAPP\Header.h(54): message : see declaration of 'Node'
C:\Users\Hasan\Desktop\Son Kısım\LinkedListAPPC++\LinkedListAPP\Header.h(93,27): warning C4099: 'Node': type name first seen using 'class' now seen using 'struct'
C:\Users\Hasan\Desktop\Son Kısım\LinkedListAPPC++\LinkedListAPP\Header.h(54): message : see declaration of 'Node'
C:\Users\Hasan\Desktop\Son Kısım\LinkedListAPPC++\LinkedListAPP\Header.h(95,25): warning C4099: 'Node': type name first seen using 'class' now seen using 'struct'
C:\Users\Hasan\Desktop\Son Kısım\LinkedListAPPC++\LinkedListAPP\Header.h(54): message : see declaration of 'Node'
C:\Users\Hasan\Desktop\Son Kısım\LinkedListAPPC++\LinkedListAPP\SkipLinkedList.cpp(132,16): warning C4099: 'Node': type name first seen using 'class' now seen using 'struct'
C:\Users\Hasan\Desktop\Son Kısım\LinkedListAPPC++\LinkedListAPP\Header.h(54): message : see declaration of 'Node'
  XORLinkedList.cpp
C:\Users\Hasan\Desktop\Son Kısım\LinkedListAPPC++\LinkedListAPP\Header.h(52,12): warning C4099: 'Node': type name first seen using 'class' now seen using 'struct'
C:\Users\Hasan\Desktop\Son Kısım\LinkedListAPPC++\LinkedListAPP\Header.h(18): message : see declaration of 'Node'
C:\Users\Hasan\Desktop\Son Kısım\LinkedListAPPC++\LinkedListAPP\Header.h(52,45): warning C4099: 'Node': type name first seen using 'class' now seen using 'struct'
C:\Users\Hasan\Desktop\Son Kısım\LinkedListAPPC++\LinkedListAPP\Header.h(52): message : see declaration of 'Node'
C:\Users\Hasan\Desktop\Son Kısım\LinkedListAPPC++\LinkedListAPP\Header.h(53,12): warning C4099: 'Node': type name first seen using 'class' now seen using 'struct'
C:\Users\Hasan\Desktop\Son Kısım\LinkedListAPPC++\LinkedListAPP\Header.h(52): message : see declaration of 'Node'
C:\Users\Hasan\Desktop\Son Kısım\LinkedListAPPC++\LinkedListAPP\Header.h(53,43): warning C4099: 'Node': type name first seen using 'class' now seen using 'struct'
C:\Users\Hasan\Desktop\Son Kısım\LinkedListAPPC++\LinkedListAPP\Header.h(53): message : see declaration of 'Node'
C:\Users\Hasan\Desktop\Son Kısım\LinkedListAPPC++\LinkedListAPP\Header.h(54,12): warning C4099: 'Node': type name first seen using 'class' now seen using 'struct'
C:\Users\Hasan\Desktop\Son Kısım\LinkedListAPPC++\LinkedListAPP\Header.h(53): message : see declaration of 'Node'
C:\Users\Hasan\Desktop\Son Kısım\LinkedListAPPC++\LinkedListAPP\Header.h(54,45): warning C4099: 'Node': type name first seen using 'class' now seen using 'struct'
C:\Users\Hasan\Desktop\Son Kısım\LinkedListAPPC++\LinkedListAPP\Header.h(54): message : see declaration of 'Node'
C:\Users\Hasan\Desktop\Son Kısım\LinkedListAPPC++\LinkedListAPP\Header.h(93,27): warning C4099: 'Node': type name first seen using 'class' now seen using 'struct'
C:\Users\Hasan\Desktop\Son Kısım\LinkedListAPPC++\LinkedListAPP\Header.h(54): message : see declaration of 'Node'
C:\Users\Hasan\Desktop\Son Kısım\LinkedListAPPC++\LinkedListAPP\Header.h(95,25): warning C4099: 'Node': type name first seen using 'class' now seen using 'struct'
C:\Users\Hasan\Desktop\Son Kısım\LinkedListAPPC++\LinkedListAPP\Header.h(54): message : see declaration of 'Node'
C:\Users\Hasan\Desktop\Son Kısım\LinkedListAPPC++\LinkedListAPP\XORLinkedList.cpp(102,27): warning C4099: 'Node': type name first seen using 'class' now seen using 'struct'
C:\Users\Hasan\Desktop\Son Kısım\LinkedListAPPC++\LinkedListAPP\Header.h(54): message : see declaration of 'Node'
C:\Users\Hasan\Desktop\Son Kısım\LinkedListAPPC++\LinkedListAPP\XORLinkedList.cpp(119,25): warning C4099: 'Node': type name first seen using 'class' now seen using 'struct'
C:\Users\Hasan\Desktop\Son Kısım\LinkedListAPPC++\LinkedListAPP\Header.h(54): message : see declaration of 'Node'
C:\Users\Hasan\Desktop\Son Kısım\LinkedListAPPC++\LinkedListAPP\XORLinkedList.cpp(120,16): warning C4099: 'Node': type name first seen using 'class' now seen using 'struct'
C:\Users\Hasan\Desktop\Son Kısım\LinkedListAPPC++\LinkedListAPP\Header.h(54): message : see declaration of 'Node'
C:\Users\Hasan\Desktop\Son Kısım\LinkedListAPPC++\LinkedListAPP\XORLinkedList.cpp(145,16): warning C4099: 'Node': type name first seen using 'class' now seen using 'struct'
C:\Users\Hasan\Desktop\Son Kısım\LinkedListAPPC++\LinkedListAPP\Header.h(54): message : see declaration of 'Node'
  Generating Code...
  LinkedListAPP.vcxproj -> C:\Users\Hasan\Desktop\Son Kısım\LinkedListAPPC++\Debug\LinkedListStatic.lib
